<?xml version="1.0" encoding="UTF-8"?>
<!-- Generated by org.testng.reporters.JUnitReportReporter -->
<testsuite hostname="HW1686" name="runner.TestRunner" tests="1" failures="0" timestamp="5 Apr 2017 13:47:25 GMT" time="42.414" errors="0">
  <testcase name="feature" time="42.414" classname="runner.TestRunner"/>
</testsuite> <!-- runner.TestRunner -->
